[debug] [2020-05-17T09:11:38.197Z] ----------------------------------------------------------------------
[debug] [2020-05-17T09:11:38.199Z] Command:       /Users/yoved/.nvm/versions/node/v12.16.1/bin/node /Users/yoved/.nvm/versions/node/v12.16.1/bin/firebase deploy --only hosting
[debug] [2020-05-17T09:11:38.199Z] CLI Version:   8.1.0
[debug] [2020-05-17T09:11:38.200Z] Platform:      darwin
[debug] [2020-05-17T09:11:38.200Z] Node Version:  v12.16.1
[debug] [2020-05-17T09:11:38.200Z] Time:          Sun May 17 2020 12:11:38 GMT+0300 (Israel Daylight Time)
[debug] [2020-05-17T09:11:38.200Z] ----------------------------------------------------------------------
[debug] [2020-05-17T09:11:38.201Z] 
[debug] [2020-05-17T09:11:38.213Z] > command requires scopes: ["email","openid","https://www.googleapis.com/auth/cloudplatformprojects.readonly","https://www.googleapis.com/auth/firebase","https://www.googleapis.com/auth/cloud-platform"]
[debug] [2020-05-17T09:11:38.214Z] > authorizing via signed-in user
[debug] [2020-05-17T09:11:38.214Z] [iam] checking project joie-app for permissions ["firebase.projects.get","firebasehosting.sites.update"]
[debug] [2020-05-17T09:11:38.217Z] > refreshing access token with scopes: ["email","https://www.googleapis.com/auth/cloud-platform","https://www.googleapis.com/auth/cloudplatformprojects.readonly","https://www.googleapis.com/auth/firebase","openid"]
[debug] [2020-05-17T09:11:38.217Z] >>> HTTP REQUEST POST https://www.googleapis.com/oauth2/v3/token  
 <request body omitted>
[debug] [2020-05-17T09:11:38.468Z] <<< HTTP RESPONSE 200 {"content-type":"application/json; charset=utf-8","vary":"X-Origin, Referer, Origin,Accept-Encoding","date":"Sun, 17 May 2020 09:11:38 GMT","server":"scaffolding on HTTPServer2","cache-control":"private","x-xss-protection":"0","x-frame-options":"SAMEORIGIN","x-content-type-options":"nosniff","alt-svc":"h3-27=\":443\"; ma=2592000,h3-25=\":443\"; ma=2592000,h3-T050=\":443\"; ma=2592000,h3-Q050=\":443\"; ma=2592000,h3-Q049=\":443\"; ma=2592000,h3-Q048=\":443\"; ma=2592000,h3-Q046=\":443\"; ma=2592000,h3-Q043=\":443\"; ma=2592000,quic=\":443\"; ma=2592000; v=\"46,43\"","accept-ranges":"none","transfer-encoding":"chunked"}
[debug] [2020-05-17T09:11:38.483Z] >>> HTTP REQUEST POST https://cloudresourcemanager.googleapis.com/v1/projects/joie-app:testIamPermissions  
 {"permissions":["firebase.projects.get","firebasehosting.sites.update"]}
[debug] [2020-05-17T09:11:41.239Z] <<< HTTP RESPONSE 200 {"content-type":"application/json; charset=UTF-8","vary":"X-Origin, Referer, Origin,Accept-Encoding","date":"Sun, 17 May 2020 09:11:41 GMT","server":"ESF","cache-control":"private","x-xss-protection":"0","x-frame-options":"SAMEORIGIN","x-content-type-options":"nosniff","server-timing":"gfet4t7; dur=754","alt-svc":"h3-27=\":443\"; ma=2592000,h3-25=\":443\"; ma=2592000,h3-T050=\":443\"; ma=2592000,h3-Q050=\":443\"; ma=2592000,h3-Q049=\":443\"; ma=2592000,h3-Q048=\":443\"; ma=2592000,h3-Q046=\":443\"; ma=2592000,h3-Q043=\":443\"; ma=2592000,quic=\":443\"; ma=2592000; v=\"46,43\"","accept-ranges":"none","transfer-encoding":"chunked"}
[debug] [2020-05-17T09:11:41.240Z] >>> HTTP REQUEST GET https://firebase.googleapis.com/v1beta1/projects/joie-app  
 
[debug] [2020-05-17T09:11:43.402Z] <<< HTTP RESPONSE 200 {"content-type":"application/json; charset=UTF-8","vary":"X-Origin, Referer, Origin,Accept-Encoding","date":"Sun, 17 May 2020 09:11:43 GMT","server":"ESF","cache-control":"private","x-xss-protection":"0","x-frame-options":"SAMEORIGIN","x-content-type-options":"nosniff","alt-svc":"h3-27=\":443\"; ma=2592000,h3-25=\":443\"; ma=2592000,h3-T050=\":443\"; ma=2592000,h3-Q050=\":443\"; ma=2592000,h3-Q049=\":443\"; ma=2592000,h3-Q048=\":443\"; ma=2592000,h3-Q046=\":443\"; ma=2592000,h3-Q043=\":443\"; ma=2592000,quic=\":443\"; ma=2592000; v=\"46,43\"","accept-ranges":"none","transfer-encoding":"chunked"}
[warn] ⚠  functions: package.json indicates an outdated version of firebase-functions.
Please upgrade using npm install --save firebase-functions@latest in your functions directory.
[info] 
[info] === Deploying to 'joie-app'...
[info] 
[info] i  deploying hosting
[debug] [2020-05-17T09:11:44.815Z] >>> HTTP REQUEST POST https://firebasehosting.googleapis.com/v1beta1/sites/joie-app/versions  
 {"config":{"rewrites":[{"glob":"**","path":"/index.html"}]},"labels":{"deployment-tool":"cli-firebase"}}
